<?xml version="1.0" encoding="UTF-8"?>
<testng-results skipped="0" failed="0" total="1" passed="1">
  <reporter-output>
  </reporter-output>
  <suite name="Default suite" duration-ms="5278" started-at="2019-06-23T15:21:24Z" finished-at="2019-06-23T15:21:30Z">
    <groups>
    </groups>
    <test name="Default test" duration-ms="5278" started-at="2019-06-23T15:21:24Z" finished-at="2019-06-23T15:21:30Z">
      <class name="com.basic.testinggoogle.TestingGoogleWebsite">
        <test-method status="PASS" signature="googleTest()[pri:0, instance:com.basic.testinggoogle.TestingGoogleWebsite@36d64342]" name="googleTest" duration-ms="5244" started-at="2019-06-23T20:51:25Z" finished-at="2019-06-23T20:51:30Z">
          <reporter-output>
          </reporter-output>
        </test-method> <!-- googleTest -->
      </class> <!-- com.basic.testinggoogle.TestingGoogleWebsite -->
    </test> <!-- Default test -->
  </suite> <!-- Default suite -->
</testng-results>
